<?xml version="1.0" encoding="UTF-8"?>
<!-- Generated by org.testng.reporters.JUnitReportReporter -->
<testsuite skipped="0" hostname="NuzsLaptop" name="test.DateDropDownTest" tests="1" failures="0" timestamp="2023-06-20T04:31:22 CDT" time="7.769" errors="0">
  <testcase name="userCanSelectMonth" time="7.769" classname="test.DateDropDownTest"/>
  <system-out/>
</testsuite> <!-- test.DateDropDownTest -->
