<?xml version="1.0" encoding="UTF-8"?>
<!-- Generated by org.testng.reporters.JUnitReportReporter -->
<testsuite skipped="0" hostname="NuzsLaptop" name="test.AddCatagoryTest" tests="1" failures="0" timestamp="2023-06-20T01:34:17 CDT" time="25.958" errors="0">
  <testcase name="userCanAddCatagory" time="25.958" classname="test.AddCatagoryTest"/>
  <system-out/>
</testsuite> <!-- test.AddCatagoryTest -->
