<?xml version="1.0" encoding="UTF-8"?>
<!-- Generated by org.testng.reporters.JUnitReportReporter -->
<testsuite skipped="0" hostname="NuzsLaptop" name="test.MonthDropDownTest" tests="1" failures="0" timestamp="2023-06-20T14:57:02 CDT" time="10.323" errors="0">
  <testcase name="userCanSelectMonth" time="10.323" classname="test.MonthDropDownTest"/>
  <system-out/>
</testsuite> <!-- test.MonthDropDownTest -->
