<?xml version="1.0" encoding="UTF-8"?>
<!-- Generated by org.testng.reporters.JUnitReportReporter -->
<testsuite skipped="0" hostname="NuzsLaptop" name="test.AddDuplicateCatagoryTest" tests="1" failures="0" timestamp="2023-06-20T14:51:12 CDT" time="9.875" errors="0">
  <testcase name="noDuplicateCatagory" time="9.875" classname="test.AddDuplicateCatagoryTest"/>
  <system-out/>
</testsuite> <!-- test.AddDuplicateCatagoryTest -->
